<?xml version="1.0" encoding="UTF-8"?>
<testng-results skipped="0" failed="0" ignored="0" total="3" passed="3">
  <reporter-output>
  </reporter-output>
  <suite name="Suite" duration-ms="131168" started-at="2023-08-18T15:29:35Z" finished-at="2023-08-18T15:31:46Z">
    <groups>
    </groups>
    <test name="Firefox" duration-ms="121249" started-at="2023-08-18T15:29:35Z" finished-at="2023-08-18T15:31:36Z">
      <class name="grid.GridEg">
        <test-method status="PASS" signature="grideg1(java.lang.String, java.lang.String)[pri:0, instance:grid.GridEg@68c4039c]" name="grideg1" duration-ms="121151" started-at="2023-08-18T20:59:35Z" finished-at="2023-08-18T21:01:36Z">
          <params>
            <param index="0">
              <value>
                <![CDATA[firefox]]>
              </value>
            </param>
            <param index="1">
              <value>
                <![CDATA[windows]]>
              </value>
            </param>
          </params>
          <reporter-output>
          </reporter-output>
        </test-method> <!-- grideg1 -->
      </class> <!-- grid.GridEg -->
    </test> <!-- Firefox -->
    <test name="MsEdge" duration-ms="124959" started-at="2023-08-18T15:29:35Z" finished-at="2023-08-18T15:31:40Z">
      <class name="grid.GridEg">
        <test-method status="PASS" signature="grideg1(java.lang.String, java.lang.String)[pri:0, instance:grid.GridEg@464bee09]" name="grideg1" duration-ms="124865" started-at="2023-08-18T20:59:35Z" finished-at="2023-08-18T21:01:40Z">
          <params>
            <param index="0">
              <value>
                <![CDATA[edge]]>
              </value>
            </param>
            <param index="1">
              <value>
                <![CDATA[windows]]>
              </value>
            </param>
          </params>
          <reporter-output>
          </reporter-output>
        </test-method> <!-- grideg1 -->
      </class> <!-- grid.GridEg -->
    </test> <!-- MsEdge -->
    <test name="Chrome" duration-ms="131168" started-at="2023-08-18T15:29:35Z" finished-at="2023-08-18T15:31:46Z">
      <class name="grid.GridEg">
        <test-method status="PASS" signature="grideg1(java.lang.String, java.lang.String)[pri:0, instance:grid.GridEg@77cd7a0]" name="grideg1" duration-ms="131071" started-at="2023-08-18T20:59:35Z" finished-at="2023-08-18T21:01:46Z">
          <params>
            <param index="0">
              <value>
                <![CDATA[chrome]]>
              </value>
            </param>
            <param index="1">
              <value>
                <![CDATA[windows]]>
              </value>
            </param>
          </params>
          <reporter-output>
          </reporter-output>
        </test-method> <!-- grideg1 -->
      </class> <!-- grid.GridEg -->
    </test> <!-- Chrome -->
  </suite> <!-- Suite -->
</testng-results>
